2018-11-01 16:15:38,333 myunit.py[line:24] INFO test is start
2018-11-01 16:15:38,567 test_adps.py[line:16] INFO the adfun is normal
2018-11-01 16:15:38,923 myunit.py[line:30] INFO test is end
2018-11-01 16:15:38,925 myunit.py[line:24] INFO test is start
2018-11-01 16:15:39,183 test_adps.py[line:21] INFO the adfun is error
2018-11-01 16:15:39,380 myunit.py[line:30] INFO test is end
2018-11-01 16:15:39,383 myunit.py[line:24] INFO test is start
2018-11-01 16:15:39,612 test_adps.py[line:26] INFO the adfun is error
2018-11-01 16:15:39,837 myunit.py[line:30] INFO test is end
2018-11-01 16:25:18,093 myunit.py[line:24] INFO test is start
2018-11-01 16:25:18,337 test_adps.py[line:16] INFO the adfun is normal
2018-11-01 16:25:18,712 myunit.py[line:30] INFO test is end
2018-11-01 16:25:18,714 myunit.py[line:24] INFO test is start
2018-11-01 16:25:18,961 test_adps.py[line:23] INFO the adfun is error
2018-11-01 16:25:19,227 myunit.py[line:30] INFO test is end
2018-11-01 16:25:19,229 myunit.py[line:24] INFO test is start
2018-11-01 16:25:19,447 test_adps.py[line:30] INFO the adfun is error
2018-11-01 16:25:19,656 myunit.py[line:30] INFO test is end
2018-11-01 16:40:58,537 myunit.py[line:24] INFO test is start
2018-11-01 16:40:58,780 test_adlist.py[line:45] INFO adlist fun is wrong type wrong
2018-11-01 16:40:58,780 myunit.py[line:30] INFO test is end
2018-11-01 16:41:54,330 myunit.py[line:24] INFO test is start
2018-11-01 16:41:54,535 test_adlist.py[line:45] INFO adlist fun is wrong type wrong
2018-11-01 16:41:54,535 myunit.py[line:30] INFO test is end
2018-11-01 16:42:27,048 myunit.py[line:24] INFO test is start
2018-11-01 16:42:27,223 test_adlist.py[line:45] INFO adlist fun is wrong type wrong
2018-11-01 16:42:27,551 myunit.py[line:30] INFO test is end
