2018-10-25 17:12:10,815 myunit.py[line:18] INFO test is start
2018-10-25 17:12:11,396 myunit.py[line:25] INFO test is end
2018-10-25 17:12:11,397 myunit.py[line:18] INFO test is start
2018-10-25 17:12:11,815 myunit.py[line:25] INFO test is end
2018-10-25 17:12:11,815 myunit.py[line:18] INFO test is start
2018-10-25 17:12:12,211 myunit.py[line:25] INFO test is end
2018-10-25 17:12:12,214 run.py[line:25] INFO 999
2018-10-25 17:15:41,567 myunit.py[line:18] INFO test is start
2018-10-25 17:15:41,797 test_adps.py[line:10] INFO the adfun is normal
2018-10-25 17:15:42,159 myunit.py[line:25] INFO test is end
2018-10-25 17:15:42,160 myunit.py[line:18] INFO test is start
2018-10-25 17:15:42,398 test_adps.py[line:16] INFO the adfun is error
2018-10-25 17:15:42,626 myunit.py[line:25] INFO test is end
2018-10-25 17:15:42,628 myunit.py[line:18] INFO test is start
2018-10-25 17:15:42,848 test_adps.py[line:21] INFO the adfun is error
2018-10-25 17:15:43,057 myunit.py[line:25] INFO test is end
2018-10-25 17:22:03,976 myunit.py[line:18] INFO test is start
2018-10-25 17:22:04,185 test_order.py[line:12] INFO the adfun is normal
2018-10-25 17:22:04,443 myunit.py[line:25] INFO test is end
2018-10-25 17:22:04,445 myunit.py[line:18] INFO test is start
2018-10-25 17:22:04,684 test_order.py[line:17] INFO the adfun is error
2018-10-25 17:22:04,873 myunit.py[line:25] INFO test is end
2018-10-25 17:22:04,875 myunit.py[line:18] INFO test is start
2018-10-25 17:22:05,073 test_order.py[line:23] INFO the adname is exit
2018-10-25 17:22:05,328 myunit.py[line:25] INFO test is end
2018-10-25 17:44:57,043 myunit.py[line:18] INFO test is start
2018-10-25 17:44:57,286 test_adps.py[line:11] INFO the adfun is normal
2018-10-25 17:44:57,601 myunit.py[line:25] INFO test is end
2018-10-25 17:44:57,602 myunit.py[line:18] INFO test is start
2018-10-25 17:44:57,821 test_adps.py[line:16] INFO the adfun is error
2018-10-25 17:44:58,018 myunit.py[line:25] INFO test is end
2018-10-25 17:44:58,019 myunit.py[line:18] INFO test is start
2018-10-25 17:44:58,256 test_adps.py[line:21] INFO the adfun is error
2018-10-25 17:44:58,484 myunit.py[line:25] INFO test is end
2018-10-25 17:44:58,486 run.py[line:25] INFO ――――获取最后一个测试报告――――
2018-10-25 17:44:58,533 run.py[line:29] INFO ---发送邮件---
2018-10-29 18:18:07,643 myunit.py[line:19] INFO test is start
2018-10-29 18:18:07,994 myunit.py[line:26] INFO test is end
2018-10-29 18:18:46,507 myunit.py[line:19] INFO test is start
2018-10-29 18:18:46,716 myunit.py[line:26] INFO test is end
2018-10-29 18:18:46,719 myunit.py[line:19] INFO test is start
2018-10-29 18:18:46,914 test_adps.py[line:19] INFO the adfun is error
2018-10-29 18:18:47,097 myunit.py[line:26] INFO test is end
2018-10-29 18:18:47,099 myunit.py[line:19] INFO test is start
2018-10-29 18:18:47,331 test_adps.py[line:24] INFO the adfun is error
2018-10-29 18:18:47,565 myunit.py[line:26] INFO test is end
2018-10-29 18:22:56,857 myunit.py[line:19] INFO test is start
2018-10-29 18:22:57,100 myunit.py[line:26] INFO test is end
2018-10-29 18:22:57,101 myunit.py[line:19] INFO test is start
2018-10-29 18:22:57,322 test_adps.py[line:19] INFO the adfun is error
2018-10-29 18:22:57,539 myunit.py[line:26] INFO test is end
2018-10-29 18:22:57,586 myunit.py[line:19] INFO test is start
2018-10-29 18:22:57,789 test_adps.py[line:24] INFO the adfun is error
2018-10-29 18:22:57,979 myunit.py[line:26] INFO test is end
2018-10-29 18:23:35,387 myunit.py[line:19] INFO test is start
2018-10-29 18:23:35,686 test_adps.py[line:14] INFO the adfun is normal
2018-10-29 18:23:35,997 myunit.py[line:26] INFO test is end
2018-10-29 18:23:35,998 myunit.py[line:19] INFO test is start
2018-10-29 18:23:36,222 test_adps.py[line:19] INFO the adfun is error
2018-10-29 18:23:36,454 myunit.py[line:26] INFO test is end
2018-10-29 18:23:36,454 myunit.py[line:19] INFO test is start
2018-10-29 18:23:36,678 test_adps.py[line:24] INFO the adfun is error
2018-10-29 18:23:36,916 myunit.py[line:26] INFO test is end
2018-10-31 11:22:05,357 myunit.py[line:19] INFO test is start
2018-10-31 11:22:05,673 test_order.py[line:12] INFO the adfun is normal
2018-10-31 11:22:05,909 myunit.py[line:26] INFO test is end
2018-10-31 11:22:05,910 myunit.py[line:19] INFO test is start
2018-10-31 11:22:06,150 test_order.py[line:17] INFO the adfun is error
2018-10-31 11:22:06,380 myunit.py[line:26] INFO test is end
2018-10-31 11:22:06,381 myunit.py[line:19] INFO test is start
2018-10-31 11:22:06,624 test_order.py[line:23] INFO the adname is exit
2018-10-31 11:22:06,887 myunit.py[line:26] INFO test is end
2018-10-31 11:22:18,238 myunit.py[line:19] INFO test is start
2018-10-31 11:22:18,454 myunit.py[line:26] INFO test is end
2018-10-31 11:22:18,462 myunit.py[line:19] INFO test is start
2018-10-31 11:22:18,691 test_adps.py[line:19] INFO the adfun is error
2018-10-31 11:22:18,910 myunit.py[line:26] INFO test is end
2018-10-31 11:22:18,912 myunit.py[line:19] INFO test is start
2018-10-31 11:22:19,150 test_adps.py[line:24] INFO the adfun is error
2018-10-31 11:22:19,371 myunit.py[line:26] INFO test is end
2018-11-01 09:38:13,557 myunit.py[line:19] INFO test is start
2018-11-01 09:38:13,942 myunit.py[line:26] INFO test is end
2018-11-01 09:38:13,942 myunit.py[line:19] INFO test is start
2018-11-01 09:38:14,239 test_adps.py[line:19] INFO the adfun is error
2018-11-01 09:38:14,458 myunit.py[line:26] INFO test is end
2018-11-01 09:38:14,458 myunit.py[line:19] INFO test is start
2018-11-01 09:38:14,684 test_adps.py[line:24] INFO the adfun is error
2018-11-01 09:38:14,949 myunit.py[line:26] INFO test is end
2018-11-01 09:38:14,996 run.py[line:25] INFO ――――获取最后一个测试报告――――
2018-11-01 09:38:14,996 run.py[line:29] INFO ---发送邮件---
2018-11-01 09:40:20,262 myunit.py[line:19] INFO test is start
2018-11-01 09:40:20,621 test_adps.py[line:14] INFO the adfun is normal
2018-11-01 09:40:21,044 myunit.py[line:26] INFO test is end
2018-11-01 09:40:21,044 myunit.py[line:19] INFO test is start
2018-11-01 09:40:21,263 test_adps.py[line:19] INFO the adfun is error
2018-11-01 09:40:21,466 myunit.py[line:26] INFO test is end
2018-11-01 09:40:21,466 myunit.py[line:19] INFO test is start
2018-11-01 09:40:21,685 test_adps.py[line:24] INFO the adfun is error
2018-11-01 09:40:21,925 myunit.py[line:26] INFO test is end
2018-11-01 09:43:00,136 myunit.py[line:19] INFO test is start
2018-11-01 09:43:00,348 test_adps.py[line:14] INFO the adfun is normal
2018-11-01 09:43:00,723 myunit.py[line:26] INFO test is end
2018-11-01 09:43:00,723 myunit.py[line:19] INFO test is start
2018-11-01 09:43:00,958 test_adps.py[line:19] INFO the adfun is error
2018-11-01 09:43:01,161 myunit.py[line:26] INFO test is end
2018-11-01 09:43:01,161 myunit.py[line:19] INFO test is start
2018-11-01 09:43:01,380 test_adps.py[line:24] INFO the adfun is error
2018-11-01 09:43:01,614 myunit.py[line:26] INFO test is end
2018-11-01 09:43:01,614 run.py[line:25] INFO ――――获取最后一个测试报告――――
2018-11-01 09:43:01,614 run.py[line:29] INFO ---发送邮件---
2018-11-01 10:43:53,804 myunit.py[line:19] INFO test is start
2018-11-01 10:43:54,101 test_adps.py[line:14] INFO the adfun is normal
2018-11-01 10:43:54,505 myunit.py[line:26] INFO test is end
2018-11-01 10:43:54,508 myunit.py[line:19] INFO test is start
2018-11-01 10:43:54,686 test_adps.py[line:19] INFO the adfun is error
2018-11-01 10:43:54,899 myunit.py[line:26] INFO test is end
2018-11-01 10:43:54,900 myunit.py[line:19] INFO test is start
2018-11-01 10:43:55,158 test_adps.py[line:24] INFO the adfun is error
2018-11-01 10:43:55,422 myunit.py[line:26] INFO test is end
2018-11-01 10:44:06,422 myunit.py[line:19] INFO test is start
2018-11-01 10:44:06,717 test_order.py[line:15] INFO the adfun is normal
2018-11-01 10:44:06,937 myunit.py[line:26] INFO test is end
2018-11-01 10:44:06,940 myunit.py[line:19] INFO test is start
2018-11-01 10:44:07,148 test_order.py[line:20] INFO the adfun is error
2018-11-01 10:44:07,395 myunit.py[line:26] INFO test is end
2018-11-01 10:44:07,397 myunit.py[line:19] INFO test is start
2018-11-01 10:44:07,631 test_order.py[line:26] INFO the adname is exit
2018-11-01 10:44:07,800 myunit.py[line:26] INFO test is end
2018-11-01 11:07:21,541 myunit.py[line:19] INFO test is start
2018-11-01 11:07:21,832 test_adps.py[line:14] INFO the adfun is normal
2018-11-01 11:07:22,236 myunit.py[line:26] INFO test is end
2018-11-01 11:07:22,238 myunit.py[line:19] INFO test is start
2018-11-01 11:07:22,473 test_adps.py[line:19] INFO the adfun is error
2018-11-01 11:07:22,671 myunit.py[line:26] INFO test is end
2018-11-01 11:07:22,674 myunit.py[line:19] INFO test is start
2018-11-01 11:07:22,910 test_adps.py[line:24] INFO the adfun is error
2018-11-01 11:07:23,125 myunit.py[line:26] INFO test is end
2018-11-01 11:24:08,682 myunit.py[line:19] INFO test is start
2018-11-01 11:24:08,943 test_adps.py[line:14] INFO the adfun is normal
2018-11-01 11:24:09,268 myunit.py[line:26] INFO test is end
2018-11-01 11:24:09,270 myunit.py[line:19] INFO test is start
2018-11-01 11:24:09,943 test_adps.py[line:19] INFO the adfun is error
2018-11-01 11:24:10,157 myunit.py[line:26] INFO test is end
2018-11-01 11:24:10,158 myunit.py[line:19] INFO test is start
2018-11-01 11:24:10,409 test_adps.py[line:24] INFO the adfun is error
2018-11-01 11:24:10,644 myunit.py[line:26] INFO test is end
2018-11-01 11:44:32,559 myunit.py[line:21] INFO test is start
2018-11-01 11:44:32,888 myunit.py[line:27] INFO normal
2018-11-01 11:44:32,889 myunit.py[line:29] INFO test is end
2018-11-01 11:44:51,114 myunit.py[line:21] INFO test is start
2018-11-01 11:44:51,362 test_adlist.py[line:13] INFO adlist is normal
2018-11-01 11:44:51,362 myunit.py[line:27] INFO test is end
2018-11-01 11:50:55,496 myunit.py[line:21] INFO test is start
2018-11-01 11:50:55,741 test_adlist.py[line:13] INFO adlist is normal
2018-11-01 11:50:55,741 myunit.py[line:27] INFO test is end
2018-11-01 11:51:15,902 myunit.py[line:21] INFO test is start
2018-11-01 11:51:16,087 test_adlist.py[line:13] INFO adlist is normal
2018-11-01 11:51:16,491 myunit.py[line:27] INFO test is end
2018-11-01 14:14:21,444 myunit.py[line:23] INFO test is start
2018-11-01 14:14:21,822 test_adps.py[line:14] INFO the adfun is normal
2018-11-01 14:14:22,185 myunit.py[line:29] INFO test is end
2018-11-01 14:14:22,187 myunit.py[line:23] INFO test is start
2018-11-01 14:14:22,424 test_adps.py[line:19] INFO the adfun is error
2018-11-01 14:14:22,673 myunit.py[line:29] INFO test is end
2018-11-01 14:14:22,675 myunit.py[line:23] INFO test is start
2018-11-01 14:14:22,927 test_adps.py[line:24] INFO the adfun is error
2018-11-01 14:14:23,172 myunit.py[line:29] INFO test is end
2018-11-01 15:24:51,300 myunit.py[line:24] INFO test is start
2018-11-01 15:24:51,557 test_adlist.py[line:13] INFO adlist is normal
2018-11-01 15:24:51,932 myunit.py[line:30] INFO test is end
2018-11-01 15:25:44,789 myunit.py[line:24] INFO test is start
2018-11-01 15:25:45,037 test_adlist.py[line:13] INFO adlist is normal
2018-11-01 15:25:45,406 myunit.py[line:30] INFO test is end
2018-11-01 15:42:43,084 myunit.py[line:24] INFO test is start
2018-11-01 15:42:43,355 myunit.py[line:30] INFO test is end
2018-11-01 15:42:43,362 myunit.py[line:24] INFO test is start
2018-11-01 15:42:43,595 test_order.py[line:20] INFO the adfun is error
2018-11-01 15:42:43,828 myunit.py[line:30] INFO test is end
2018-11-01 15:42:43,871 myunit.py[line:24] INFO test is start
2018-11-01 15:42:44,078 test_order.py[line:26] INFO the adname is exit
2018-11-01 15:42:44,347 myunit.py[line:30] INFO test is end
2018-11-01 15:43:27,209 myunit.py[line:24] INFO test is start
2018-11-01 15:43:27,479 test_order.py[line:15] INFO the adfun is normal
2018-11-01 15:43:27,706 myunit.py[line:30] INFO test is end
2018-11-01 15:43:27,707 myunit.py[line:24] INFO test is start
2018-11-01 15:43:27,945 test_order.py[line:20] INFO the adfun is error
2018-11-01 15:43:28,123 myunit.py[line:30] INFO test is end
2018-11-01 15:43:28,123 myunit.py[line:24] INFO test is start
2018-11-01 15:43:28,384 test_order.py[line:26] INFO the adname is exit
2018-11-01 15:43:28,660 myunit.py[line:30] INFO test is end
2018-11-01 15:43:52,050 myunit.py[line:24] INFO test is start
2018-11-01 15:43:52,274 test_adlist.py[line:13] INFO adlist is normal
2018-11-01 15:43:52,672 myunit.py[line:30] INFO test is end
2018-11-01 15:54:55,965 myunit.py[line:24] INFO test is start
2018-11-01 15:54:56,231 myunit.py[line:30] INFO test is end
2018-11-01 15:54:56,234 myunit.py[line:24] INFO test is start
2018-11-01 15:54:56,489 test_adps.py[line:20] INFO the adfun is error
2018-11-01 15:54:56,697 myunit.py[line:30] INFO test is end
2018-11-01 15:54:56,699 myunit.py[line:24] INFO test is start
2018-11-01 15:54:56,949 test_adps.py[line:25] INFO the adfun is error
2018-11-01 15:54:57,163 myunit.py[line:30] INFO test is end
2018-11-01 15:56:38,343 myunit.py[line:24] INFO test is start
2018-11-01 15:56:38,603 test_adlist.py[line:13] INFO adlist is normal
2018-11-01 15:56:38,988 myunit.py[line:30] INFO test is end
2018-11-01 15:56:56,105 myunit.py[line:24] INFO test is start
2018-11-01 15:56:56,360 test_order.py[line:15] INFO the adfun is normal
2018-11-01 15:56:56,605 myunit.py[line:30] INFO test is end
2018-11-01 15:56:56,606 myunit.py[line:24] INFO test is start
2018-11-01 15:56:56,816 test_order.py[line:20] INFO the adfun is error
2018-11-01 15:56:57,033 myunit.py[line:30] INFO test is end
2018-11-01 15:56:57,034 myunit.py[line:24] INFO test is start
2018-11-01 15:56:57,264 test_order.py[line:26] INFO the adname is exit
2018-11-01 15:56:57,527 myunit.py[line:30] INFO test is end
2018-11-01 16:00:22,741 myunit.py[line:24] INFO test is start
2018-11-01 16:00:22,997 test_adlist.py[line:13] INFO adlist is normal
2018-11-01 16:00:23,378 myunit.py[line:30] INFO test is end
2018-11-01 16:13:05,389 myunit.py[line:24] INFO test is start
2018-11-01 16:13:05,693 test_adps.py[line:16] INFO the adfun is normal
2018-11-01 16:13:06,076 myunit.py[line:30] INFO test is end
2018-11-01 16:13:06,078 myunit.py[line:24] INFO test is start
2018-11-01 16:13:06,349 test_adps.py[line:21] INFO the adfun is error
2018-11-01 16:13:06,550 myunit.py[line:30] INFO test is end
2018-11-01 16:13:06,552 myunit.py[line:24] INFO test is start
2018-11-01 16:13:06,848 test_adps.py[line:26] INFO the adfun is error
2018-11-01 16:13:07,066 myunit.py[line:30] INFO test is end
